

================================================================================
正常uid 邻域分析结果
================================================================================
分析uid数量: 3095

************************************************************
孤立节点分析
************************************************************
总黑名单uid数: 3095
孤立黑名单uid数: 1187
孤立率: 38.35%


------------------------------------------------------------
1-hop 分析:
------------------------------------------------------------
平均异常节点数: 2.44

异常节点类型分布:
  common_remote_ip:
    平均数量: 4.09
    最大数量: 55
    最小数量: 1
    出现在 1452/1452 个uid中
  common_phone_num:
    平均数量: 1.24
    最大数量: 4
    最小数量: 1
    出现在 481/481 个uid中
  common_geo_code:
    平均数量: 1.01
    最大数量: 2
    最小数量: 1
    出现在 560/560 个uid中
  common_device_no:
    平均数量: 1.29
    最大数量: 7
    最小数量: 1
    出现在 250/250 个uid中
  common_td_device_id:
    平均数量: 1.01
    最大数量: 2
    最小数量: 1
    出现在 88/88 个uid中
  common_identity_no:
    平均数量: 1.00
    最大数量: 1
    最小数量: 1
    出现在 38/38 个uid中
  common_card_no:
    平均数量: 1.00
    最大数量: 1
    最小数量: 1
    出现在 4/4 个uid中

异常节点关联uid数量分布:
  common_remote_ip:
    平均关联uid数: 9.08
    中位数关联uid数: 5.0
    最大关联uid数: 1465
    最小关联uid数: 2
    关联数分布(前10): [(2, 1422), (3, 836), (4, 608), (5, 459), (6, 377), (7, 331), (8, 267), (9, 247), (10, 212), (11, 183)]      
  common_phone_num:
    平均关联uid数: 2.21
    中位数关联uid数: 2.0
    最大关联uid数: 6
    最小关联uid数: 2
    关联数分布(前10): [(2, 503), (3, 74), (4, 12), (5, 7), (6, 1)]
  common_geo_code:
    平均关联uid数: 22.59
    中位数关联uid数: 3.0
    最大关联uid数: 279
    最小关联uid数: 2
    关联数分布(前10): [(2, 223), (3, 77), (4, 34), (5, 22), (6, 14), (7, 7), (8, 4), (9, 6), (10, 7), (11, 12)]
  common_device_no:
    平均关联uid数: 70.57
    中位数关联uid数: 5.0
    最大关联uid数: 474
    最小关联uid数: 2
    关联数分布(前10): [(2, 126), (3, 15), (4, 13), (5, 12), (6, 9), (7, 6), (8, 2), (9, 2), (10, 9), (11, 4)]
  common_td_device_id:
    平均关联uid数: 2.33
    中位数关联uid数: 2.0
    最大关联uid数: 6
    最小关联uid数: 2
    关联数分布(前10): [(2, 70), (3, 12), (4, 5), (5, 1), (6, 1)]
  common_identity_no:
    平均关联uid数: 2.00
    中位数关联uid数: 2.0
    最大关联uid数: 2
    最小关联uid数: 2
    关联数分布(前10): [(2, 38)]
  common_card_no:
    平均关联uid数: 2.00
    中位数关联uid数: 2.0
    最大关联uid数: 2
    最小关联uid数: 2
    关联数分布(前10): [(2, 4)]

------------------------------------------------------------
2-hop 分析:
------------------------------------------------------------
平均异常节点数: 0.21

异常节点类型分布:
  blacklisted_uid:
    平均数量: 3.01
    最大数量: 10
    最小数量: 1
    出现在 212/212 个uid中

异常节点关联uid数量分布:

------------------------------------------------------------
3-hop 分析:
------------------------------------------------------------
平均异常节点数: 56.23

异常节点类型分布:
  common_device_no:
    平均数量: 17.62
    最大数量: 904
    最小数量: 1
    出现在 1035/1035 个uid中
  common_geo_code:
    平均数量: 4.94
    最大数量: 38
    最小数量: 1
    出现在 870/870 个uid中
  common_phone_num:
    平均数量: 14.34
    最大数量: 200
    最小数量: 1
    出现在 1280/1280 个uid中
  common_remote_ip:
    平均数量: 93.35
    最大数量: 1307
    最小数量: 1
    出现在 1390/1390 个uid中
  common_td_device_id:
    平均数量: 2.72
    最大数量: 23
    最小数量: 1
    出现在 717/717 个uid中
  blacklisted_identity_no:
    平均数量: 3.01
    最大数量: 10
    最小数量: 1
    出现在 212/212 个uid中
  blacklisted_phone_num:
    平均数量: 3.01
    最大数量: 10
    最小数量: 1
    出现在 212/212 个uid中
  common_identity_no:
    平均数量: 2.26
    最大数量: 3
    最小数量: 1
    出现在 65/65 个uid中

异常节点关联uid数量分布:
  common_device_no:
    平均关联uid数: 16.31
    中位数关联uid数: 9.0
    最大关联uid数: 474
    最小关联uid数: 2
    关联数分布(前10): [(2, 3865), (3, 1328), (4, 900), (5, 768), (6, 699), (7, 678), (8, 595), (9, 589), (10, 539), (11, 560)]     
  common_geo_code:
    平均关联uid数: 16.07
    中位数关联uid数: 3.0
    最大关联uid数: 546
    最小关联uid数: 2
    关联数分布(前10): [(2, 1688), (3, 727), (4, 216), (5, 176), (6, 87), (7, 107), (8, 63), (9, 51), (10, 29), (11, 86)]
  common_phone_num:
    平均关联uid数: 2.27
    中位数关联uid数: 2.0
    最大关联uid数: 24
    最小关联uid数: 2
    关联数分布(前10): [(2, 15271), (3, 2176), (4, 521), (5, 171), (6, 79), (7, 93), (8, 7), (9, 5), (10, 2), (11, 1)]
  common_remote_ip:
    平均关联uid数: 14.69
    中位数关联uid数: 6.0
    最大关联uid数: 1999
    最小关联uid数: 2
    关联数分布(前10): [(2, 23584), (3, 14309), (4, 10860), (5, 9744), (6, 8402), (7, 7376), (8, 5903), (9, 5854), (10, 5090), (11, 4975)]
  common_td_device_id:
    平均关联uid数: 2.84
    中位数关联uid数: 2.0
    最大关联uid数: 55
    最小关联uid数: 2
    关联数分布(前10): [(2, 1354), (3, 355), (4, 93), (5, 67), (6, 34), (7, 5), (8, 7), (9, 2), (10, 4), (11, 4)]
  blacklisted_identity_no:
    平均关联uid数: 1.00
    中位数关联uid数: 1.0
    最大关联uid数: 1
    最小关联uid数: 1
    关联数分布(前10): [(1, 638)]
  blacklisted_phone_num:
    平均关联uid数: 1.32
    中位数关联uid数: 1.0
    最大关联uid数: 4
    最小关联uid数: 1
    关联数分布(前10): [(1, 482), (2, 109), (3, 43), (4, 4)]
  common_identity_no:
    平均关联uid数: 2.00
    中位数关联uid数: 2.0
    最大关联uid数: 2
    最小关联uid数: 2
    关联数分布(前10): [(2, 147)]