nohup: ignoring input
开始加载标签数据...
标签数据加载完成.
开始多进程并行处理，共 124 个月份，进程数: 12
2016-11 完成，事件数: 6423 -> /data/processed/events_v2/2016-11.jsonl
2017-11 完成，事件数: 17303 -> /data/processed/events_v2/2017-11.jsonl
2018-11 完成，事件数: 11145 -> /data/processed/events_v2/2018-11.jsonl
2019-10 完成，事件数: 33044 -> /data/processed/events_v2/2019-10.jsonl
2021-02 完成，事件数: 9106 -> /data/processed/events_v2/2021-02.jsonl
2021-11 完成，事件数: 18489 -> /data/processed/events_v2/2021-11.jsonl
2022-12 完成，事件数: 26946 -> /data/processed/events_v2/2022-12.jsonl
2023-12 完成，事件数: 2787191 -> /data/processed/events_v2/2023-12.jsonl
2024-12 完成，事件数: 7088175 -> /data/processed/events_v2/2024-12.jsonl
2025-12 完成，事件数: 23940 -> /data/processed/events_v2/2025-12.jsonl
2026-01 完成，事件数: 22040 -> /data/processed/events_v2/2026-01.jsonl
2026-02 完成，事件数: 16089 -> /data/processed/events_v2/2026-02.jsonl
2026-03 完成，事件数: 10644 -> /data/processed/events_v2/2026-03.jsonl
2016-01 完成，事件数: 308 -> /data/processed/events_v2/2016-01.jsonl
2017-02 完成，事件数: 9666 -> /data/processed/events_v2/2017-02.jsonl
2018-02 完成，事件数: 19502 -> /data/processed/events_v2/2018-02.jsonl
2019-06 完成，事件数: 21898 -> /data/processed/events_v2/2019-06.jsonl
2020-05 完成，事件数: 14475 -> /data/processed/events_v2/2020-05.jsonl
2021-03 完成，事件数: 12616 -> /data/processed/events_v2/2021-03.jsonl
2022-03 完成，事件数: 20040 -> /data/processed/events_v2/2022-03.jsonl
2023-03 完成，事件数: 37800 -> /data/processed/events_v2/2023-03.jsonl
2024-03 完成，事件数: 3277526 -> /data/processed/events_v2/2024-03.jsonl
2025-03 完成，事件数: 8971768 -> /data/processed/events_v2/2025-03.jsonl
2016-04 完成，事件数: 608 -> /data/processed/events_v2/2016-04.jsonl
2017-04 完成，事件数: 10726 -> /data/processed/events_v2/2017-04.jsonl
2018-04 完成，事件数: 11251 -> /data/processed/events_v2/2018-04.jsonl
2019-03 完成，事件数: 18833 -> /data/processed/events_v2/2019-03.jsonl
2020-04 完成，事件数: 14478 -> /data/processed/events_v2/2020-04.jsonl
2021-01 完成，事件数: 12962 -> /data/processed/events_v2/2021-01.jsonl
2022-04 完成，事件数: 14797 -> /data/processed/events_v2/2022-04.jsonl
2023-01 完成，事件数: 26319 -> /data/processed/events_v2/2023-01.jsonl
2024-01 完成，事件数: 3164207 -> /data/processed/events_v2/2024-01.jsonl
2025-02 完成，事件数: 7066474 -> /data/processed/events_v2/2025-02.jsonl
2015-12 完成，事件数: 32 -> /data/processed/events_v2/2015-12.jsonl
2016-12 完成，事件数: 8353 -> /data/processed/events_v2/2016-12.jsonl
2017-12 完成，事件数: 18557 -> /data/processed/events_v2/2017-12.jsonl
2019-04 完成，事件数: 19156 -> /data/processed/events_v2/2019-04.jsonl
2020-03 完成，事件数: 21878 -> /data/processed/events_v2/2020-03.jsonl
2021-06 完成，事件数: 9938 -> /data/processed/events_v2/2021-06.jsonl
2021-12 完成，事件数: 22896 -> /data/processed/events_v2/2021-12.jsonl
2023-02 完成，事件数: 29244 -> /data/processed/events_v2/2023-02.jsonl
2024-02 完成，事件数: 2582057 -> /data/processed/events_v2/2024-02.jsonl
2025-01 完成，事件数: 7959149 -> /data/processed/events_v2/2025-01.jsonl
2016-10 完成，事件数: 6035 -> /data/processed/events_v2/2016-10.jsonl
2017-10 完成，事件数: 16508 -> /data/processed/events_v2/2017-10.jsonl
2018-10 完成，事件数: 11174 -> /data/processed/events_v2/2018-10.jsonl
2019-09 完成，事件数: 26576 -> /data/processed/events_v2/2019-09.jsonl
2020-09 完成，事件数: 8679 -> /data/processed/events_v2/2020-09.jsonl
2021-05 完成，事件数: 15230 -> /data/processed/events_v2/2021-05.jsonl
2022-07 完成，事件数: 28365 -> /data/processed/events_v2/2022-07.jsonl
2023-08 完成，事件数: 52781 -> /data/processed/events_v2/2023-08.jsonl
2024-10 完成，事件数: 6448883 -> /data/processed/events_v2/2024-10.jsonl
2025-10 完成，事件数: 4478007 -> /data/processed/events_v2/2025-10.jsonl
2016-08 完成，事件数: 3281 -> /data/processed/events_v2/2016-08.jsonl
2017-08 完成，事件数: 15200 -> /data/processed/events_v2/2017-08.jsonl
2018-08 完成，事件数: 10562 -> /data/processed/events_v2/2018-08.jsonl
2019-07 完成，事件数: 23122 -> /data/processed/events_v2/2019-07.jsonl
2020-08 完成，事件数: 15847 -> /data/processed/events_v2/2020-08.jsonl
2021-10 完成，事件数: 14182 -> /data/processed/events_v2/2021-10.jsonl
2022-10 完成，事件数: 20525 -> /data/processed/events_v2/2022-10.jsonl
2023-11 完成，事件数: 1094887 -> /data/processed/events_v2/2023-11.jsonl
2024-11 完成，事件数: 5742558 -> /data/processed/events_v2/2024-11.jsonl
2025-11 完成，事件数: 4925519 -> /data/processed/events_v2/2025-11.jsonl
2016-02 完成，事件数: 201 -> /data/processed/events_v2/2016-02.jsonl
2017-01 完成，事件数: 8124 -> /data/processed/events_v2/2017-01.jsonl
2018-01 完成，事件数: 29950 -> /data/processed/events_v2/2018-01.jsonl
2019-12 完成，事件数: 20300 -> /data/processed/events_v2/2019-12.jsonl
2020-11 完成，事件数: 17015 -> /data/processed/events_v2/2020-11.jsonl
2022-01 完成，事件数: 23492 -> /data/processed/events_v2/2022-01.jsonl
2023-04 完成，事件数: 36960 -> /data/processed/events_v2/2023-04.jsonl
2024-04 完成，事件数: 5279635 -> /data/processed/events_v2/2024-04.jsonl
2025-04 完成，事件数: 10182830 -> /data/processed/events_v2/2025-04.jsonl
2016-09 完成，事件数: 4289 -> /data/processed/events_v2/2016-09.jsonl
2017-09 完成，事件数: 14299 -> /data/processed/events_v2/2017-09.jsonl
2018-07 完成，事件数: 13159 -> /data/processed/events_v2/2018-07.jsonl
2019-05 完成，事件数: 24289 -> /data/processed/events_v2/2019-05.jsonl
2020-06 完成，事件数: 15477 -> /data/processed/events_v2/2020-06.jsonl
2021-07 完成，事件数: 16190 -> /data/processed/events_v2/2021-07.jsonl
2022-06 完成，事件数: 23513 -> /data/processed/events_v2/2022-06.jsonl
2023-06 完成，事件数: 40775 -> /data/processed/events_v2/2023-06.jsonl
2024-06 完成，事件数: 5693065 -> /data/processed/events_v2/2024-06.jsonl
2025-06 完成，事件数: 7737034 -> /data/processed/events_v2/2025-06.jsonl
2016-05 完成，事件数: 1570 -> /data/processed/events_v2/2016-05.jsonl
2017-05 完成，事件数: 12433 -> /data/processed/events_v2/2017-05.jsonl
2018-05 完成，事件数: 11455 -> /data/processed/events_v2/2018-05.jsonl
2019-01 完成，事件数: 17885 -> /data/processed/events_v2/2019-01.jsonl
2020-02 完成，事件数: 21373 -> /data/processed/events_v2/2020-02.jsonl
2020-12 完成，事件数: 8844 -> /data/processed/events_v2/2020-12.jsonl
2021-09 完成，事件数: 15966 -> /data/processed/events_v2/2021-09.jsonl
2022-09 完成，事件数: 23750 -> /data/processed/events_v2/2022-09.jsonl
2023-09 完成，事件数: 34655 -> /data/processed/events_v2/2023-09.jsonl
2024-07 完成，事件数: 5678569 -> /data/processed/events_v2/2024-07.jsonl
2025-07 完成，事件数: 5633348 -> /data/processed/events_v2/2025-07.jsonl
2016-06 完成，事件数: 2170 -> /data/processed/events_v2/2016-06.jsonl
2017-06 完成，事件数: 14114 -> /data/processed/events_v2/2017-06.jsonl
2018-06 完成，事件数: 10878 -> /data/processed/events_v2/2018-06.jsonl
2018-12 完成，事件数: 15734 -> /data/processed/events_v2/2018-12.jsonl
2020-01 完成，事件数: 20606 -> /data/processed/events_v2/2020-01.jsonl
2020-10 完成，事件数: 19301 -> /data/processed/events_v2/2020-10.jsonl
2022-02 完成，事件数: 14994 -> /data/processed/events_v2/2022-02.jsonl
2022-11 完成，事件数: 22552 -> /data/processed/events_v2/2022-11.jsonl
2023-10 完成，事件数: 32095 -> /data/processed/events_v2/2023-10.jsonl
2024-08 完成，事件数: 6817363 -> /data/processed/events_v2/2024-08.jsonl
2025-08 完成，事件数: 6922262 -> /data/processed/events_v2/2025-08.jsonl
2016-03 完成，事件数: 521 -> /data/processed/events_v2/2016-03.jsonl
2017-03 完成，事件数: 10313 -> /data/processed/events_v2/2017-03.jsonl
2018-03 完成，事件数: 15149 -> /data/processed/events_v2/2018-03.jsonl
2019-02 完成，事件数: 12377 -> /data/processed/events_v2/2019-02.jsonl
2019-11 完成，事件数: 29819 -> /data/processed/events_v2/2019-11.jsonl
2021-04 完成，事件数: 14312 -> /data/processed/events_v2/2021-04.jsonl
2022-05 完成，事件数: 21973 -> /data/processed/events_v2/2022-05.jsonl
2023-05 完成，事件数: 41976 -> /data/processed/events_v2/2023-05.jsonl
2024-05 完成，事件数: 6042667 -> /data/processed/events_v2/2024-05.jsonl
2025-05 完成，事件数: 10098434 -> /data/processed/events_v2/2025-05.jsonl
2016-07 完成，事件数: 2558 -> /data/processed/events_v2/2016-07.jsonl
2017-07 完成，事件数: 17034 -> /data/processed/events_v2/2017-07.jsonl
2018-09 完成，事件数: 11064 -> /data/processed/events_v2/2018-09.jsonl
2019-08 完成，事件数: 21976 -> /data/processed/events_v2/2019-08.jsonl
2020-07 完成，事件数: 18504 -> /data/processed/events_v2/2020-07.jsonl
2021-08 完成，事件数: 12851 -> /data/processed/events_v2/2021-08.jsonl
2022-08 完成，事件数: 26299 -> /data/processed/events_v2/2022-08.jsonl
2023-07 完成，事件数: 52653 -> /data/processed/events_v2/2023-07.jsonl
2024-09 完成，事件数: 6455524 -> /data/processed/events_v2/2024-09.jsonl
2025-09 完成，事件数: 4381274 -> /data/processed/events_v2/2025-09.jsonl
