正在处理 phone_num 节点...
更新了 3018030 个 phone_num 节点
正在处理 identity_no 节点...
更新了 1033366 个 identity_no 节点
正在处理 card_no 节点...
更新了 45178 个 card_no 节点
正在处理 device_no 节点...
更新了 1151423 个 device_no 节点
正在处理 td_device_id 节点...
更新了 171916 个 td_device_id 节点
正在处理 remote_ip 节点...
更新了 809085 个 remote_ip 节点
正在处理 geo_code 节点...
更新了 922142 个 geo_code 节点

✅ 所有节点处理完成！
总共更新了 7151140 个节点

=== 更新统计信息 ===

phone_num 节点统计:
  - 有关联的节点数: 3018030
  - 平均关联uid数: 1.08
  - 最大关联uid数: 32
  - 最小关联uid数: 1

identity_no 节点统计:
  - 有关联的节点数: 1033366
  - 平均关联uid数: 1.00
  - 最大关联uid数: 2
  - 最小关联uid数: 1

card_no 节点统计:
  - 有关联的节点数: 45178
  - 平均关联uid数: 1.00
  - 最大关联uid数: 2
  - 最小关联uid数: 1

device_no 节点统计:
  - 有关联的节点数: 1151423
  - 平均关联uid数: 1.15
  - 最大关联uid数: 474
  - 最小关联uid数: 1

td_device_id 节点统计:
  - 有关联的节点数: 171916
  - 平均关联uid数: 1.14
  - 最大关联uid数: 55
  - 最小关联uid数: 1

remote_ip 节点统计:
  - 有关联的节点数: 809085
  - 平均关联uid数: 1.61
  - 最大关联uid数: 1999
  - 最小关联uid数: 1

geo_code 节点统计:
  - 有关联的节点数: 922142
  - 平均关联uid数: 1.19
  - 最大关联uid数: 546
  - 最小关联uid数: 1

=== 查询使用示例 ===

1. 关联最多uid的phone_num节点:
  手机号: c404814fca... | 关联32个uid
    - 20250915023199828235: 2025-09-15T12:54:29Z
    - 20250812023199526147: 2025-08-12T11:35:13Z
  手机号: 3f237eae25... | 关联29个uid
    - 20240321023189813195: 2024-03-21T10:55:05Z
    - 20240809023192363564: 2024-08-09T12:46:36Z
  手机号: 2a4dd89cd2... | 关联24个uid
    - 20250723023199252402: 2025-07-23T07:38:05Z
    - 20250716023199191506: 2025-07-16T09:35:16Z

2. 查找某个uid关联的所有节点:
  查询UID: 20250601023198554951
    phone_num: 2个节点
      - b54dd89aa976966... (共关联2个uid)
      - cafacd1f5db315c... (共关联1个uid)
    identity_no: 1个节点
      - 49b866a948c45fb... (共关联1个uid)

3. 各类型节点关联分布:
  phone_num:
    关联1个uid: 2814020个节点
    关联2个uid: 176582个节点
    关联3个uid: 22092个节点
    关联4个uid: 3771个节点
    关联5个uid: 927个节点
  identity_no:
    关联1个uid: 1033309个节点
    关联2个uid: 57个节点
  card_no:
    关联1个uid: 45174个节点
    关联2个uid: 4个节点
  device_no:
    关联1个uid: 1111044个节点
    关联2个uid: 21792个节点
    关联3个uid: 4655个节点
    关联4个uid: 2518个节点
    关联5个uid: 1760个节点
  td_device_id:
    关联1个uid: 154079个节点
    关联2个uid: 13858个节点
    关联3个uid: 2723个节点
    关联4个uid: 745个节点
    关联5个uid: 263个节点
  remote_ip:
    关联1个uid: 684019个节点
    关联2个uid: 58902个节点
    关联3个uid: 21105个节点
    关联4个uid: 11645个节点
    关联5个uid: 7265个节点
  geo_code:
    关联1个uid: 843114个节点
    关联2个uid: 51345个节点
    关联3个uid: 14223个节点
    关联4个uid: 5263个节点
    关联5个uid: 2443个节点